<?xml version="1.0" encoding="UTF-8"?>
<testsuite name="AntiFraudTest" tests="1" skipped="0" failures="0" errors="0" timestamp="2022-04-13T10:31:31" hostname="amir-HP-Pavilion-Notebook" time="19.848">
  <properties/>
  <testcase name="start" classname="AntiFraudTest" time="19.848"/>
  <system-out><![CDATA[?[1;31m
Start test 1?[0m

  .   ____          _            __ _ _
 /\\ / ___'_ __ _ _(_)_ __  __ _ \ \ \ \
( ( )\___ | '_ | '_| | '_ \/ _` | \ \ \ \
 \\/  ___)| |_)| | | | | || (_| |  ) ) ) )
  '  |____| .__|_| |_|_| |_\__, | / / / /
 =========|_|==============|___/=/_/_/_/
 :: Spring Boot ::        (v2.3.1.RELEASE)

2022-04-13 11:31:32.106  INFO 22851 --- [    Test worker] antifraud.AntiFraudApplication           : Starting AntiFraudApplication on amir-HP-Pavilion-Notebook with PID 22851 (started by amir in /home/amir/IdeaProjects/Anti-Fraud System/Anti-Fraud System/task)
2022-04-13 11:31:32.111  INFO 22851 --- [    Test worker] antifraud.AntiFraudApplication           : No active profile set, falling back to default profiles: default
2022-04-13 11:31:33.720  INFO 22851 --- [    Test worker] .s.d.r.c.RepositoryConfigurationDelegate : Bootstrapping Spring Data JPA repositories in DEFERRED mode.
2022-04-13 11:31:33.812  INFO 22851 --- [    Test worker] .s.d.r.c.RepositoryConfigurationDelegate : Finished Spring Data repository scanning in 79ms. Found 1 JPA repository interfaces.
2022-04-13 11:31:34.681  INFO 22851 --- [    Test worker] o.s.b.w.embedded.tomcat.TomcatWebServer  : Tomcat initialized with port(s): 28852 (http)
2022-04-13 11:31:34.692  INFO 22851 --- [    Test worker] o.apache.catalina.core.StandardService   : Starting service [Tomcat]
2022-04-13 11:31:34.693  INFO 22851 --- [    Test worker] org.apache.catalina.core.StandardEngine  : Starting Servlet engine: [Apache Tomcat/9.0.36]
2022-04-13 11:31:34.816  INFO 22851 --- [    Test worker] o.a.c.c.C.[Tomcat].[localhost].[/]       : Initializing Spring embedded WebApplicationContext
2022-04-13 11:31:34.816  INFO 22851 --- [    Test worker] w.s.c.ServletWebServerApplicationContext : Root WebApplicationContext: initialization completed in 2638 ms
2022-04-13 11:31:35.027  INFO 22851 --- [    Test worker] com.zaxxer.hikari.HikariDataSource       : HikariPool-1 - Starting...
2022-04-13 11:31:35.288  INFO 22851 --- [    Test worker] com.zaxxer.hikari.HikariDataSource       : HikariPool-1 - Start completed.
2022-04-13 11:31:35.298  INFO 22851 --- [    Test worker] o.s.b.a.h2.H2ConsoleAutoConfiguration    : H2 console available at '/h2-console'. Database available at 'jdbc:h2:file:../service_db'
2022-04-13 11:31:35.519  INFO 22851 --- [    Test worker] o.s.s.concurrent.ThreadPoolTaskExecutor  : Initializing ExecutorService 'applicationTaskExecutor'
2022-04-13 11:31:35.590  INFO 22851 --- [         task-1] o.hibernate.jpa.internal.util.LogHelper  : HHH000204: Processing PersistenceUnitInfo [name: default]
2022-04-13 11:31:35.668  WARN 22851 --- [    Test worker] JpaBaseConfiguration$JpaWebConfiguration : spring.jpa.open-in-view is enabled by default. Therefore, database queries may be performed during view rendering. Explicitly configure spring.jpa.open-in-view to disable this warning
2022-04-13 11:31:35.692  INFO 22851 --- [         task-1] org.hibernate.Version                    : HHH000412: Hibernate ORM core version 5.4.17.Final
2022-04-13 11:31:35.909  INFO 22851 --- [    Test worker] o.s.s.web.DefaultSecurityFilterChain     : Creating filter chain: any request, [org.springframework.security.web.context.request.async.WebAsyncManagerIntegrationFilter@d16209e, org.springframework.security.web.context.SecurityContextPersistenceFilter@1b3bec6c, org.springframework.security.web.header.HeaderWriterFilter@5a4c98d7, org.springframework.security.web.authentication.logout.LogoutFilter@5f883d90, org.springframework.security.web.authentication.www.BasicAuthenticationFilter@9f0fc36, org.springframework.security.web.savedrequest.RequestCacheAwareFilter@2154652c, org.springframework.security.web.servletapi.SecurityContextHolderAwareRequestFilter@7b7068d8, org.springframework.security.web.authentication.AnonymousAuthenticationFilter@75527e36, org.springframework.security.web.session.SessionManagementFilter@2e2b9f53, org.springframework.security.web.access.ExceptionTranslationFilter@5ed31735, org.springframework.security.web.access.intercept.FilterSecurityInterceptor@6b2ef50e]
2022-04-13 11:31:35.923  INFO 22851 --- [         task-1] o.hibernate.annotations.common.Version   : HCANN000001: Hibernate Commons Annotations {5.1.0.Final}
2022-04-13 11:31:36.171  INFO 22851 --- [         task-1] org.hibernate.dialect.Dialect            : HHH000400: Using dialect: org.hibernate.dialect.H2Dialect
Hibernate: create table app_user (id bigint not null, is_enabled boolean not null, name varchar(255), password varchar(255), role varchar(255), username varchar(255), primary key (id))
Hibernate: create sequence user_sequence start with 1 increment by 1
2022-04-13 11:31:37.224  INFO 22851 --- [         task-1] o.h.e.t.j.p.i.JtaPlatformInitiator       : HHH000490: Using JtaPlatform implementation: [org.hibernate.engine.transaction.jta.platform.internal.NoJtaPlatform]
2022-04-13 11:31:37.236  INFO 22851 --- [         task-1] j.LocalContainerEntityManagerFactoryBean : Initialized JPA EntityManagerFactory for persistence unit 'default'
2022-04-13 11:31:37.347  INFO 22851 --- [    Test worker] o.s.b.a.e.web.EndpointLinksResolver      : Exposing 14 endpoint(s) beneath base path '/actuator'
2022-04-13 11:31:37.428  INFO 22851 --- [    Test worker] o.s.b.w.embedded.tomcat.TomcatWebServer  : Tomcat started on port(s): 28852 (http) with context path ''
2022-04-13 11:31:37.430  INFO 22851 --- [    Test worker] DeferredRepositoryInitializationListener : Triggering deferred initialization of Spring Data repositories…
2022-04-13 11:31:37.830  INFO 22851 --- [    Test worker] DeferredRepositoryInitializationListener : Spring Data repositories initialized!
2022-04-13 11:31:37.849  INFO 22851 --- [    Test worker] antifraud.AntiFraudApplication           : Started AntiFraudApplication in 6.179 seconds (JVM running for 7.341)
Test case
Testing api: '/api/auth/user'
request: '{
   "name": "John Doe 1",
   "password": "oa3VvqnLxW"
}'
Expectations: 'In case of wrong data in request, endpoint must respond with BAD REQUEST  status (400).'
-----
2022-04-13 11:31:38.267  INFO 22851 --- [io-28852-exec-2] o.a.c.c.C.[Tomcat].[localhost].[/]       : Initializing Spring DispatcherServlet 'dispatcherServlet'
2022-04-13 11:31:38.268  INFO 22851 --- [io-28852-exec-2] o.s.web.servlet.DispatcherServlet        : Initializing Servlet 'dispatcherServlet'
2022-04-13 11:31:38.279  INFO 22851 --- [io-28852-exec-2] o.s.web.servlet.DispatcherServlet        : Completed initialization in 10 ms
2022-04-13 11:31:38.492  WARN 22851 --- [io-28852-exec-2] .w.s.m.s.DefaultHandlerExceptionResolver : Resolved [org.springframework.web.bind.MethodArgumentNotValidException: Validation failed for argument [0] in public antifraud.dto.UserDto antifraud.controller.api.UserController.register(antifraud.controller.request.NewUserRequest): [Field error in object 'newUserRequest' on field 'username': rejected value [null]; codes [NotEmpty.newUserRequest.username,NotEmpty.username,NotEmpty.java.lang.String,NotEmpty]; arguments [org.springframework.context.support.DefaultMessageSourceResolvable: codes [newUserRequest.username,username]; arguments []; default message [username]]; default message [must not be empty]] ]
?[1;31m
Start test 2?[0m
Test case
Testing api: '/api/auth/user'
request: '{
   "name": "John Doe 2",
   "username": "johndoe1"
}'
Expectations: 'In case of wrong data in request, endpoint must respond with BAD REQUEST  status (400).'
-----
2022-04-13 11:31:38.561  WARN 22851 --- [io-28852-exec-1] .w.s.m.s.DefaultHandlerExceptionResolver : Resolved [org.springframework.web.bind.MethodArgumentNotValidException: Validation failed for argument [0] in public antifraud.dto.UserDto antifraud.controller.api.UserController.register(antifraud.controller.request.NewUserRequest): [Field error in object 'newUserRequest' on field 'password': rejected value [null]; codes [NotEmpty.newUserRequest.password,NotEmpty.password,NotEmpty.java.lang.String,NotEmpty]; arguments [org.springframework.context.support.DefaultMessageSourceResolvable: codes [newUserRequest.password,password]; arguments []; default message [password]]; default message [must not be empty]] ]
?[1;31m
Start test 3?[0m
Test case
Testing api: '/api/auth/user'
request: '{
   "name": "John Doe 1",
   "username": "johndoe1",
   "password": "oMoa3VvqnLxW"
}'
Expectations: 'If user successfully added, endpoint must respond with HTTP CREATED status (201) '
-----
Hibernate: select user0_.id as col_0_0_ from app_user user0_ where user0_.username=? limit ?
Hibernate: select user0_.id as id1_0_, user0_.is_enabled as is_enabl2_0_, user0_.name as name3_0_, user0_.password as password4_0_, user0_.role as role5_0_, user0_.username as username6_0_ from app_user user0_
Hibernate: call next value for user_sequence
Hibernate: insert into app_user (is_enabled, name, password, role, username, id) values (?, ?, ?, ?, ?, ?)
?[1;31m
Start test 4?[0m
Test case
Testing api: '/api/auth/list'
Expectations: 'Endpoint must respond with HTTP OK status (200) and body with array of objects representing the users sorted by ID in ascending order.'
-----
Hibernate: select user0_.id as id1_0_, user0_.is_enabled as is_enabl2_0_, user0_.name as name3_0_, user0_.password as password4_0_, user0_.role as role5_0_, user0_.username as username6_0_ from app_user user0_ where user0_.username=?
Hibernate: select user0_.id as id1_0_, user0_.is_enabled as is_enabl2_0_, user0_.name as name3_0_, user0_.password as password4_0_, user0_.role as role5_0_, user0_.username as username6_0_ from app_user user0_
?[1;31m
Start test 5?[0m
Test case
Testing api: '/api/auth/user'
request: '{
   "name": "John Doe 1",
   "username": "johndoe1",
   "password": "oMoa3VvqnLxW"
}'
Expectations: 'If user successfully added, endpoint must respond with HTTP CREATED status (201) '
-----
Hibernate: select user0_.id as col_0_0_ from app_user user0_ where user0_.username=? limit ?
Hibernate: select user0_.id as id1_0_, user0_.is_enabled as is_enabl2_0_, user0_.name as name3_0_, user0_.password as password4_0_, user0_.role as role5_0_, user0_.username as username6_0_ from app_user user0_
Hibernate: call next value for user_sequence
Hibernate: insert into app_user (is_enabled, name, password, role, username, id) values (?, ?, ?, ?, ?, ?)
?[1;31m
Start test 6?[0m
Test case
Testing api: '/api/auth/list'
Expectations: 'Endpoint must respond with HTTP OK status (200) and body with array of objects representing the users sorted by ID in ascending order.'
-----
Hibernate: select user0_.id as id1_0_, user0_.is_enabled as is_enabl2_0_, user0_.name as name3_0_, user0_.password as password4_0_, user0_.role as role5_0_, user0_.username as username6_0_ from app_user user0_ where user0_.username=?
Hibernate: select user0_.id as id1_0_, user0_.is_enabled as is_enabl2_0_, user0_.name as name3_0_, user0_.password as password4_0_, user0_.role as role5_0_, user0_.username as username6_0_ from app_user user0_
?[1;31m
Start test 7?[0m
Test case
Testing api: '/api/auth/list'
Expectations: 'A user with incorrect credentials is not allowed'
-----
Hibernate: select user0_.id as id1_0_, user0_.is_enabled as is_enabl2_0_, user0_.name as name3_0_, user0_.password as password4_0_, user0_.role as role5_0_, user0_.username as username6_0_ from app_user user0_ where user0_.username=?
?[1;31m
Start test 8?[0m
Test case
Testing api: '/api/auth/list'
Expectations: 'A user with incorrect credentials is not allowed'
-----
Hibernate: select user0_.id as id1_0_, user0_.is_enabled as is_enabl2_0_, user0_.name as name3_0_, user0_.password as password4_0_, user0_.role as role5_0_, user0_.username as username6_0_ from app_user user0_ where user0_.username=?
?[1;31m
Start test 9?[0m
Test case
Testing api: '/api/antifraud/transaction'
Expectations: 'Merchant after registration must be LOCKED'
-----
Hibernate: select user0_.id as id1_0_, user0_.is_enabled as is_enabl2_0_, user0_.name as name3_0_, user0_.password as password4_0_, user0_.role as role5_0_, user0_.username as username6_0_ from app_user user0_ where user0_.username=?
?[1;31m
Start test 10?[0m
Test case
Testing api: '/api/auth/access'
Expectations: 'A user johndoe1 must be UNLOCKED'
-----
Hibernate: select user0_.id as id1_0_, user0_.is_enabled as is_enabl2_0_, user0_.name as name3_0_, user0_.password as password4_0_, user0_.role as role5_0_, user0_.username as username6_0_ from app_user user0_ where user0_.username=?
UNLOCK
Hibernate: select user0_.id as id1_0_, user0_.is_enabled as is_enabl2_0_, user0_.name as name3_0_, user0_.password as password4_0_, user0_.role as role5_0_, user0_.username as username6_0_ from app_user user0_ where user0_.username=?
Hibernate: update app_user set is_enabled=?, name=?, password=?, role=?, username=? where id=?
?[1;31m
Start test 11?[0m
Test case
Testing api: '/api/antifraud/transaction'
Expectations: 'A user johndoe1 must be UNLOCKED'
-----
Hibernate: select user0_.id as id1_0_, user0_.is_enabled as is_enabl2_0_, user0_.name as name3_0_, user0_.password as password4_0_, user0_.role as role5_0_, user0_.username as username6_0_ from app_user user0_ where user0_.username=?
?[1;31m
Start test 12?[0m
Test case
Testing api: '/api/antifraud/transaction'
request: 'amount = 1'
Expectations: 'Result validating of Transaction must be 'ALLOWED''
-----
Hibernate: select user0_.id as id1_0_, user0_.is_enabled as is_enabl2_0_, user0_.name as name3_0_, user0_.password as password4_0_, user0_.role as role5_0_, user0_.username as username6_0_ from app_user user0_ where user0_.username=?
?[1;31m
Start test 13?[0m
2022-04-13 11:31:40.400  INFO 22851 --- [     Thread-336] j.LocalContainerEntityManagerFactoryBean : Closing JPA EntityManagerFactory for persistence unit 'default'
2022-04-13 11:31:40.402  INFO 22851 --- [     Thread-336] o.s.s.concurrent.ThreadPoolTaskExecutor  : Shutting down ExecutorService 'applicationTaskExecutor'
2022-04-13 11:31:40.404  INFO 22851 --- [     Thread-336] com.zaxxer.hikari.HikariDataSource       : HikariPool-1 - Shutdown initiated...
2022-04-13 11:31:44.337  INFO 22851 --- [     Thread-336] com.zaxxer.hikari.HikariDataSource       : HikariPool-1 - Shutdown completed.

  .   ____          _            __ _ _
 /\\ / ___'_ __ _ _(_)_ __  __ _ \ \ \ \
( ( )\___ | '_ | '_| | '_ \/ _` | \ \ \ \
 \\/  ___)| |_)| | | | | || (_| |  ) ) ) )
  '  |____| .__|_| |_|_| |_\__, | / / / /
 =========|_|==============|___/=/_/_/_/
 :: Spring Boot ::        (v2.3.1.RELEASE)

2022-04-13 11:31:44.486  INFO 22851 --- [    Test worker] antifraud.AntiFraudApplication           : Starting AntiFraudApplication on amir-HP-Pavilion-Notebook with PID 22851 (started by amir in /home/amir/IdeaProjects/Anti-Fraud System/Anti-Fraud System/task)
2022-04-13 11:31:44.487  INFO 22851 --- [    Test worker] antifraud.AntiFraudApplication           : No active profile set, falling back to default profiles: default
2022-04-13 11:31:45.121  INFO 22851 --- [    Test worker] .s.d.r.c.RepositoryConfigurationDelegate : Bootstrapping Spring Data JPA repositories in DEFERRED mode.
2022-04-13 11:31:45.132  INFO 22851 --- [    Test worker] .s.d.r.c.RepositoryConfigurationDelegate : Finished Spring Data repository scanning in 10ms. Found 1 JPA repository interfaces.
2022-04-13 11:31:45.270  INFO 22851 --- [    Test worker] o.s.b.w.embedded.tomcat.TomcatWebServer  : Tomcat initialized with port(s): 28852 (http)
2022-04-13 11:31:45.271  INFO 22851 --- [    Test worker] o.apache.catalina.core.StandardService   : Starting service [Tomcat]
2022-04-13 11:31:45.272  INFO 22851 --- [    Test worker] org.apache.catalina.core.StandardEngine  : Starting Servlet engine: [Apache Tomcat/9.0.36]
2022-04-13 11:31:45.294  INFO 22851 --- [    Test worker] o.a.c.c.C.[Tomcat].[localhost].[/]       : Initializing Spring embedded WebApplicationContext
2022-04-13 11:31:45.295  INFO 22851 --- [    Test worker] w.s.c.ServletWebServerApplicationContext : Root WebApplicationContext: initialization completed in 803 ms
2022-04-13 11:31:45.363  INFO 22851 --- [    Test worker] com.zaxxer.hikari.HikariDataSource       : HikariPool-2 - Starting...
2022-04-13 11:31:45.373  INFO 22851 --- [    Test worker] com.zaxxer.hikari.HikariDataSource       : HikariPool-2 - Start completed.
2022-04-13 11:31:45.373  INFO 22851 --- [    Test worker] o.s.b.a.h2.H2ConsoleAutoConfiguration    : H2 console available at '/h2-console'. Database available at 'jdbc:h2:file:../service_db'
2022-04-13 11:31:45.453  INFO 22851 --- [    Test worker] o.s.s.concurrent.ThreadPoolTaskExecutor  : Initializing ExecutorService 'applicationTaskExecutor'
2022-04-13 11:31:45.458  INFO 22851 --- [         task-1] o.hibernate.jpa.internal.util.LogHelper  : HHH000204: Processing PersistenceUnitInfo [name: default]
2022-04-13 11:31:45.466  INFO 22851 --- [         task-1] org.hibernate.dialect.Dialect            : HHH000400: Using dialect: org.hibernate.dialect.H2Dialect
2022-04-13 11:31:45.530  WARN 22851 --- [    Test worker] JpaBaseConfiguration$JpaWebConfiguration : spring.jpa.open-in-view is enabled by default. Therefore, database queries may be performed during view rendering. Explicitly configure spring.jpa.open-in-view to disable this warning
2022-04-13 11:31:45.606  INFO 22851 --- [         task-1] o.h.e.t.j.p.i.JtaPlatformInitiator       : HHH000490: Using JtaPlatform implementation: [org.hibernate.engine.transaction.jta.platform.internal.NoJtaPlatform]
2022-04-13 11:31:45.607  INFO 22851 --- [         task-1] j.LocalContainerEntityManagerFactoryBean : Initialized JPA EntityManagerFactory for persistence unit 'default'
2022-04-13 11:31:45.609  INFO 22851 --- [    Test worker] o.s.s.web.DefaultSecurityFilterChain     : Creating filter chain: any request, [org.springframework.security.web.context.request.async.WebAsyncManagerIntegrationFilter@2e2cd42c, org.springframework.security.web.context.SecurityContextPersistenceFilter@259c6ab8, org.springframework.security.web.header.HeaderWriterFilter@182dcd2b, org.springframework.security.web.authentication.logout.LogoutFilter@73baf7f0, org.springframework.security.web.authentication.www.BasicAuthenticationFilter@446dacf9, org.springframework.security.web.savedrequest.RequestCacheAwareFilter@640a6d4b, org.springframework.security.web.servletapi.SecurityContextHolderAwareRequestFilter@1238a074, org.springframework.security.web.authentication.AnonymousAuthenticationFilter@1cdad619, org.springframework.security.web.session.SessionManagementFilter@4c3d72fd, org.springframework.security.web.access.ExceptionTranslationFilter@7ef7f414, org.springframework.security.web.access.intercept.FilterSecurityInterceptor@44a9971f]
2022-04-13 11:31:45.950  INFO 22851 --- [    Test worker] o.s.b.a.e.web.EndpointLinksResolver      : Exposing 14 endpoint(s) beneath base path '/actuator'
2022-04-13 11:31:46.028  INFO 22851 --- [    Test worker] o.s.b.w.embedded.tomcat.TomcatWebServer  : Tomcat started on port(s): 28852 (http) with context path ''
2022-04-13 11:31:46.033  INFO 22851 --- [    Test worker] DeferredRepositoryInitializationListener : Triggering deferred initialization of Spring Data repositories…
2022-04-13 11:31:46.093  INFO 22851 --- [    Test worker] DeferredRepositoryInitializationListener : Spring Data repositories initialized!
2022-04-13 11:31:46.101  INFO 22851 --- [    Test worker] antifraud.AntiFraudApplication           : Started AntiFraudApplication in 1.69 seconds (JVM running for 15.593)
?[1;31m
Start test 14?[0m
Test case
Testing api: '/api/auth/list'
Expectations: 'After restart user must exist'
-----
2022-04-13 11:31:46.108  INFO 22851 --- [io-28852-exec-1] o.a.c.c.C.[Tomcat].[localhost].[/]       : Initializing Spring DispatcherServlet 'dispatcherServlet'
2022-04-13 11:31:46.108  INFO 22851 --- [io-28852-exec-1] o.s.web.servlet.DispatcherServlet        : Initializing Servlet 'dispatcherServlet'
2022-04-13 11:31:46.111  INFO 22851 --- [io-28852-exec-1] o.s.web.servlet.DispatcherServlet        : Completed initialization in 3 ms
Hibernate: select user0_.id as id1_0_, user0_.is_enabled as is_enabl2_0_, user0_.name as name3_0_, user0_.password as password4_0_, user0_.role as role5_0_, user0_.username as username6_0_ from app_user user0_ where user0_.username=?
Hibernate: select user0_.id as id1_0_, user0_.is_enabled as is_enabl2_0_, user0_.name as name3_0_, user0_.password as password4_0_, user0_.role as role5_0_, user0_.username as username6_0_ from app_user user0_
?[1;31m
Start test 15?[0m
Test case
Testing api: '/api/auth/user'
request: '{
   "name": "John Doe 1",
   "username": "johndoe1",
   "password": "oMoa3VvqnLxW"
}'
Expectations: 'In case of an attempt to register an existing user, endpoint must respond with HTTP CONFLICT status (409).'
-----
Hibernate: select user0_.id as col_0_0_ from app_user user0_ where user0_.username=? limit ?
?[1;31m
Start test 16?[0m
Test case
Testing api: '/api/auth/user'
request: '{
   "name": "John Doe 2",
   "username": "johndoe2",
   "password": "oMoa5VvqnLxW"
}'
Expectations: 'If user successfully added, endpoint must respond with HTTP CREATED status (201) '
-----
Hibernate: select user0_.id as col_0_0_ from app_user user0_ where user0_.username=? limit ?
Hibernate: select user0_.id as id1_0_, user0_.is_enabled as is_enabl2_0_, user0_.name as name3_0_, user0_.password as password4_0_, user0_.role as role5_0_, user0_.username as username6_0_ from app_user user0_
Hibernate: call next value for user_sequence
Hibernate: insert into app_user (is_enabled, name, password, role, username, id) values (?, ?, ?, ?, ?, ?)
?[1;31m
Start test 17?[0m
Test case
Testing api: '/api/auth/list'
Expectations: 'Endpoint must respond with HTTP OK status (200) and body with array of objects representing the users sorted by ID in ascending order.'
-----
Hibernate: select user0_.id as id1_0_, user0_.is_enabled as is_enabl2_0_, user0_.name as name3_0_, user0_.password as password4_0_, user0_.role as role5_0_, user0_.username as username6_0_ from app_user user0_ where user0_.username=?
Hibernate: select user0_.id as id1_0_, user0_.is_enabled as is_enabl2_0_, user0_.name as name3_0_, user0_.password as password4_0_, user0_.role as role5_0_, user0_.username as username6_0_ from app_user user0_
?[1;31m
Start test 18?[0m
Test case
Testing api: '/api/antifraud/transaction'
request: 'amount = 199'
Expectations: 'Result validating of Transaction must be 'ALLOWED''
-----
Hibernate: select user0_.id as id1_0_, user0_.is_enabled as is_enabl2_0_, user0_.name as name3_0_, user0_.password as password4_0_, user0_.role as role5_0_, user0_.username as username6_0_ from app_user user0_ where user0_.username=?
?[1;31m
Start test 19?[0m
Test case
Testing api: '/api/antifraud/transaction'
request: 'amount = 200'
Expectations: 'Result validating of Transaction must be 'ALLOWED''
-----
Hibernate: select user0_.id as id1_0_, user0_.is_enabled as is_enabl2_0_, user0_.name as name3_0_, user0_.password as password4_0_, user0_.role as role5_0_, user0_.username as username6_0_ from app_user user0_ where user0_.username=?
?[1;31m
Start test 20?[0m
Test case
Testing api: '/api/antifraud/transaction'
request: 'amount = 201'
Expectations: 'Result validating of Transaction must be 'MANUAL_PROCESSING''
-----
Hibernate: select user0_.id as id1_0_, user0_.is_enabled as is_enabl2_0_, user0_.name as name3_0_, user0_.password as password4_0_, user0_.role as role5_0_, user0_.username as username6_0_ from app_user user0_ where user0_.username=?
?[1;31m
Start test 21?[0m
Test case
Testing api: '/api/antifraud/transaction'
request: 'amount = 1499'
Expectations: 'Result validating of Transaction must be 'MANUAL_PROCESSING''
-----
Hibernate: select user0_.id as id1_0_, user0_.is_enabled as is_enabl2_0_, user0_.name as name3_0_, user0_.password as password4_0_, user0_.role as role5_0_, user0_.username as username6_0_ from app_user user0_ where user0_.username=?
?[1;31m
Start test 22?[0m
Test case
Testing api: '/api/antifraud/transaction'
request: 'amount = 1500'
Expectations: 'Result validating of Transaction must be 'MANUAL_PROCESSING''
-----
Hibernate: select user0_.id as id1_0_, user0_.is_enabled as is_enabl2_0_, user0_.name as name3_0_, user0_.password as password4_0_, user0_.role as role5_0_, user0_.username as username6_0_ from app_user user0_ where user0_.username=?
?[1;31m
Start test 23?[0m
Test case
Testing api: '/api/antifraud/transaction'
request: 'amount = 1501'
Expectations: 'Result validating of Transaction must be 'PROHIBITED''
-----
Hibernate: select user0_.id as id1_0_, user0_.is_enabled as is_enabl2_0_, user0_.name as name3_0_, user0_.password as password4_0_, user0_.role as role5_0_, user0_.username as username6_0_ from app_user user0_ where user0_.username=?
?[1;31m
Start test 24?[0m
Test case
Testing api: '/api/antifraud/transaction'
request: 'amount = 2000'
Expectations: 'Result validating of Transaction must be 'PROHIBITED''
-----
Hibernate: select user0_.id as id1_0_, user0_.is_enabled as is_enabl2_0_, user0_.name as name3_0_, user0_.password as password4_0_, user0_.role as role5_0_, user0_.username as username6_0_ from app_user user0_ where user0_.username=?
?[1;31m
Start test 25?[0m
Test case
Testing api: '/api/antifraud/transaction'
request: 'amount = -1'
Expectations: 'Response status must be 'Bad request''
-----
Hibernate: select user0_.id as id1_0_, user0_.is_enabled as is_enabl2_0_, user0_.name as name3_0_, user0_.password as password4_0_, user0_.role as role5_0_, user0_.username as username6_0_ from app_user user0_ where user0_.username=?
2022-04-13 11:31:47.418  WARN 22851 --- [o-28852-exec-10] .w.s.m.s.DefaultHandlerExceptionResolver : Resolved [org.springframework.web.bind.MethodArgumentNotValidException: Validation failed for argument [0] in public java.util.Map<java.lang.String, java.lang.String> antifraud.controller.api.AntiFraudController.doTransaction(antifraud.controller.request.TransactionRequest): [Field error in object 'transactionRequest' on field 'amount': rejected value [-1]; codes [Min.transactionRequest.amount,Min.amount,Min.java.lang.Long,Min]; arguments [org.springframework.context.support.DefaultMessageSourceResolvable: codes [transactionRequest.amount,amount]; arguments []; default message [amount],1]; default message [must be greater than or equal to 1]] ]
?[1;31m
Start test 26?[0m
Test case
Testing api: '/api/antifraud/transaction'
request: 'amount = 0'
Expectations: 'Response status must be 'Bad request''
-----
Hibernate: select user0_.id as id1_0_, user0_.is_enabled as is_enabl2_0_, user0_.name as name3_0_, user0_.password as password4_0_, user0_.role as role5_0_, user0_.username as username6_0_ from app_user user0_ where user0_.username=?
2022-04-13 11:31:47.518  WARN 22851 --- [io-28852-exec-1] .w.s.m.s.DefaultHandlerExceptionResolver : Resolved [org.springframework.web.bind.MethodArgumentNotValidException: Validation failed for argument [0] in public java.util.Map<java.lang.String, java.lang.String> antifraud.controller.api.AntiFraudController.doTransaction(antifraud.controller.request.TransactionRequest): [Field error in object 'transactionRequest' on field 'amount': rejected value [0]; codes [Min.transactionRequest.amount,Min.amount,Min.java.lang.Long,Min]; arguments [org.springframework.context.support.DefaultMessageSourceResolvable: codes [transactionRequest.amount,amount]; arguments []; default message [amount],1]; default message [must be greater than or equal to 1]] ]
?[1;31m
Start test 27?[0m
Test case
Testing api: '/api/antifraud/transaction'
request: 'amount = null'
Expectations: 'Response status must be 'Bad request''
-----
Hibernate: select user0_.id as id1_0_, user0_.is_enabled as is_enabl2_0_, user0_.name as name3_0_, user0_.password as password4_0_, user0_.role as role5_0_, user0_.username as username6_0_ from app_user user0_ where user0_.username=?
2022-04-13 11:31:47.616  WARN 22851 --- [io-28852-exec-7] .w.s.m.s.DefaultHandlerExceptionResolver : Resolved [org.springframework.web.bind.MethodArgumentNotValidException: Validation failed for argument [0] in public java.util.Map<java.lang.String, java.lang.String> antifraud.controller.api.AntiFraudController.doTransaction(antifraud.controller.request.TransactionRequest): [Field error in object 'transactionRequest' on field 'amount': rejected value [null]; codes [NotNull.transactionRequest.amount,NotNull.amount,NotNull.java.lang.Long,NotNull]; arguments [org.springframework.context.support.DefaultMessageSourceResolvable: codes [transactionRequest.amount,amount]; arguments []; default message [amount]]; default message [must not be null]] ]
?[1;31m
Start test 28?[0m
Test case
Testing api: '/api/antifraud/transaction'
request: 'amount = ""'
Expectations: 'Response status must be 'Bad request''
-----
Hibernate: select user0_.id as id1_0_, user0_.is_enabled as is_enabl2_0_, user0_.name as name3_0_, user0_.password as password4_0_, user0_.role as role5_0_, user0_.username as username6_0_ from app_user user0_ where user0_.username=?
2022-04-13 11:31:47.719  WARN 22851 --- [io-28852-exec-9] .w.s.m.s.DefaultHandlerExceptionResolver : Resolved [org.springframework.web.bind.MethodArgumentNotValidException: Validation failed for argument [0] in public java.util.Map<java.lang.String, java.lang.String> antifraud.controller.api.AntiFraudController.doTransaction(antifraud.controller.request.TransactionRequest): [Field error in object 'transactionRequest' on field 'amount': rejected value [null]; codes [NotNull.transactionRequest.amount,NotNull.amount,NotNull.java.lang.Long,NotNull]; arguments [org.springframework.context.support.DefaultMessageSourceResolvable: codes [transactionRequest.amount,amount]; arguments []; default message [amount]]; default message [must not be null]] ]
?[1;31m
Start test 29?[0m
Test case
Testing api: '/api/antifraud/transaction'
request: 'amount = " "'
Expectations: 'Response status must be 'Bad request''
-----
Hibernate: select user0_.id as id1_0_, user0_.is_enabled as is_enabl2_0_, user0_.name as name3_0_, user0_.password as password4_0_, user0_.role as role5_0_, user0_.username as username6_0_ from app_user user0_ where user0_.username=?
2022-04-13 11:31:47.825  WARN 22851 --- [io-28852-exec-6] .w.s.m.s.DefaultHandlerExceptionResolver : Resolved [org.springframework.web.bind.MethodArgumentNotValidException: Validation failed for argument [0] in public java.util.Map<java.lang.String, java.lang.String> antifraud.controller.api.AntiFraudController.doTransaction(antifraud.controller.request.TransactionRequest): [Field error in object 'transactionRequest' on field 'amount': rejected value [null]; codes [NotNull.transactionRequest.amount,NotNull.amount,NotNull.java.lang.Long,NotNull]; arguments [org.springframework.context.support.DefaultMessageSourceResolvable: codes [transactionRequest.amount,amount]; arguments []; default message [amount]]; default message [must not be null]] ]
?[1;31m
Start test 30?[0m
Test case
Testing api: '/api/antifraud/transaction'
request: 'empty body'
Expectations: 'Response status must be 'Bad request''
-----
Hibernate: select user0_.id as id1_0_, user0_.is_enabled as is_enabl2_0_, user0_.name as name3_0_, user0_.password as password4_0_, user0_.role as role5_0_, user0_.username as username6_0_ from app_user user0_ where user0_.username=?
2022-04-13 11:31:47.938  WARN 22851 --- [o-28852-exec-10] .w.s.m.s.DefaultHandlerExceptionResolver : Resolved [org.springframework.web.bind.MethodArgumentNotValidException: Validation failed for argument [0] in public java.util.Map<java.lang.String, java.lang.String> antifraud.controller.api.AntiFraudController.doTransaction(antifraud.controller.request.TransactionRequest): [Field error in object 'transactionRequest' on field 'amount': rejected value [null]; codes [NotNull.transactionRequest.amount,NotNull.amount,NotNull.java.lang.Long,NotNull]; arguments [org.springframework.context.support.DefaultMessageSourceResolvable: codes [transactionRequest.amount,amount]; arguments []; default message [amount]]; default message [must not be null]] ]
?[1;31m
Start test 31?[0m
Test case
Testing api: '/api/auth/user'
request: '/api/auth/user/somebody'
Expectations: 'If a user is not found, respond with HTTP Not Found status (404).'
-----
Hibernate: select user0_.id as id1_0_, user0_.is_enabled as is_enabl2_0_, user0_.name as name3_0_, user0_.password as password4_0_, user0_.role as role5_0_, user0_.username as username6_0_ from app_user user0_ where user0_.username=?
Hibernate: select user0_.id as id1_0_, user0_.is_enabled as is_enabl2_0_, user0_.name as name3_0_, user0_.password as password4_0_, user0_.role as role5_0_, user0_.username as username6_0_ from app_user user0_ where user0_.username=?
?[1;31m
Start test 32?[0m
Test case
Testing api: '/api/auth/user'
request: '/api/auth/user/johndoe1'
Expectations: 'The endpoint must delete the user and respond with HTTP OK status (200)'
-----
Hibernate: select user0_.id as id1_0_, user0_.is_enabled as is_enabl2_0_, user0_.name as name3_0_, user0_.password as password4_0_, user0_.role as role5_0_, user0_.username as username6_0_ from app_user user0_ where user0_.username=?
Hibernate: select user0_.id as id1_0_, user0_.is_enabled as is_enabl2_0_, user0_.name as name3_0_, user0_.password as password4_0_, user0_.role as role5_0_, user0_.username as username6_0_ from app_user user0_ where user0_.username=?
Hibernate: delete from app_user where id=?
?[1;31m
Start test 33?[0m
Test case
Testing api: '/api/auth/list'
Expectations: 'User 'johndoe1' must be delete'
-----
Hibernate: select user0_.id as id1_0_, user0_.is_enabled as is_enabl2_0_, user0_.name as name3_0_, user0_.password as password4_0_, user0_.role as role5_0_, user0_.username as username6_0_ from app_user user0_ where user0_.username=?
Hibernate: select user0_.id as id1_0_, user0_.is_enabled as is_enabl2_0_, user0_.name as name3_0_, user0_.password as password4_0_, user0_.role as role5_0_, user0_.username as username6_0_ from app_user user0_
?[1;31m
Start test 34?[0m
Test case
Testing api: '/api/auth/role'
Expectations: 'If a user is not found, endpoint must respond with the HTTP Not Found status (404).'
-----
Hibernate: select user0_.id as id1_0_, user0_.is_enabled as is_enabl2_0_, user0_.name as name3_0_, user0_.password as password4_0_, user0_.role as role5_0_, user0_.username as username6_0_ from app_user user0_ where user0_.username=?
Hibernate: select user0_.id as id1_0_, user0_.is_enabled as is_enabl2_0_, user0_.name as name3_0_, user0_.password as password4_0_, user0_.role as role5_0_, user0_.username as username6_0_ from app_user user0_ where user0_.username=?
?[1;31m
Start test 35?[0m
Test case
Testing api: '/api/auth/role'
Expectations: 'If a role is not found, endpoint must respond with the HTTP Bad Request status (400).'
-----
Hibernate: select user0_.id as id1_0_, user0_.is_enabled as is_enabl2_0_, user0_.name as name3_0_, user0_.password as password4_0_, user0_.role as role5_0_, user0_.username as username6_0_ from app_user user0_ where user0_.username=?
Hibernate: select user0_.id as id1_0_, user0_.is_enabled as is_enabl2_0_, user0_.name as name3_0_, user0_.password as password4_0_, user0_.role as role5_0_, user0_.username as username6_0_ from app_user user0_ where user0_.username=?
?[1;31m
Start test 36?[0m
Test case
Testing api: '/api/auth/role'
Expectations: 'If a role is ADMINISTRATOR, endpoint must respond with the HTTP Bad Request status (400).'
-----
Hibernate: select user0_.id as id1_0_, user0_.is_enabled as is_enabl2_0_, user0_.name as name3_0_, user0_.password as password4_0_, user0_.role as role5_0_, user0_.username as username6_0_ from app_user user0_ where user0_.username=?
Hibernate: select user0_.id as id1_0_, user0_.is_enabled as is_enabl2_0_, user0_.name as name3_0_, user0_.password as password4_0_, user0_.role as role5_0_, user0_.username as username6_0_ from app_user user0_ where user0_.username=?
?[1;31m
Start test 37?[0m
Test case
Testing api: '/api/auth/role'
Expectations: 'If a role successfully changed, respond with the HTTP OK status (200)'
-----
Hibernate: select user0_.id as id1_0_, user0_.is_enabled as is_enabl2_0_, user0_.name as name3_0_, user0_.password as password4_0_, user0_.role as role5_0_, user0_.username as username6_0_ from app_user user0_ where user0_.username=?
Hibernate: select user0_.id as id1_0_, user0_.is_enabled as is_enabl2_0_, user0_.name as name3_0_, user0_.password as password4_0_, user0_.role as role5_0_, user0_.username as username6_0_ from app_user user0_ where user0_.username=?
Hibernate: update app_user set is_enabled=?, name=?, password=?, role=?, username=? where id=?
?[1;31m
Start test 38?[0m
Test case
Testing api: '/api/auth/role'
Expectations: 'If a role already assigned to a user, endpoint must respond with the HTTP Conflict status (409).'
-----
Hibernate: select user0_.id as id1_0_, user0_.is_enabled as is_enabl2_0_, user0_.name as name3_0_, user0_.password as password4_0_, user0_.role as role5_0_, user0_.username as username6_0_ from app_user user0_ where user0_.username=?
Hibernate: select user0_.id as id1_0_, user0_.is_enabled as is_enabl2_0_, user0_.name as name3_0_, user0_.password as password4_0_, user0_.role as role5_0_, user0_.username as username6_0_ from app_user user0_ where user0_.username=?
?[1;31m
Start test 39?[0m
Test case
Testing api: '/api/auth/access'
Expectations: 'A user johndoe2 must be UNLOCKED'
-----
Hibernate: select user0_.id as id1_0_, user0_.is_enabled as is_enabl2_0_, user0_.name as name3_0_, user0_.password as password4_0_, user0_.role as role5_0_, user0_.username as username6_0_ from app_user user0_ where user0_.username=?
UNLOCK
Hibernate: select user0_.id as id1_0_, user0_.is_enabled as is_enabl2_0_, user0_.name as name3_0_, user0_.password as password4_0_, user0_.role as role5_0_, user0_.username as username6_0_ from app_user user0_ where user0_.username=?
Hibernate: update app_user set is_enabled=?, name=?, password=?, role=?, username=? where id=?
?[1;31m
Start test 40?[0m
Test case
Testing api: '/api/auth/list'
Expectations: 'Role for user 'johndoe2' must be changed to SUPPORT'
-----
Hibernate: select user0_.id as id1_0_, user0_.is_enabled as is_enabl2_0_, user0_.name as name3_0_, user0_.password as password4_0_, user0_.role as role5_0_, user0_.username as username6_0_ from app_user user0_ where user0_.username=?
Hibernate: select user0_.id as id1_0_, user0_.is_enabled as is_enabl2_0_, user0_.name as name3_0_, user0_.password as password4_0_, user0_.role as role5_0_, user0_.username as username6_0_ from app_user user0_
?[1;31m
Start test 41?[0m
Test case
Testing api: '/api/antifraud/transaction'
Expectations: 'Role MERCHANT must be removed from user johndoe2!'
-----
Hibernate: select user0_.id as id1_0_, user0_.is_enabled as is_enabl2_0_, user0_.name as name3_0_, user0_.password as password4_0_, user0_.role as role5_0_, user0_.username as username6_0_ from app_user user0_ where user0_.username=?
?[1;31m
Start test 42?[0m
Test case
Testing api: '/api/auth/user'
request: '{
   "name": "John Doe 3",
   "username": "johndoe3",
   "password": "oMoa6VvqnLxW"
}'
Expectations: 'If user successfully added, endpoint must respond with HTTP CREATED status (201) '
-----
Hibernate: select user0_.id as col_0_0_ from app_user user0_ where user0_.username=? limit ?
Hibernate: select user0_.id as id1_0_, user0_.is_enabled as is_enabl2_0_, user0_.name as name3_0_, user0_.password as password4_0_, user0_.role as role5_0_, user0_.username as username6_0_ from app_user user0_
Hibernate: call next value for user_sequence
Hibernate: insert into app_user (is_enabled, name, password, role, username, id) values (?, ?, ?, ?, ?, ?)
?[1;31m
Start test 43?[0m
Test case
Testing api: '/api/antifraud/transaction'
Expectations: 'MERCHANT user after registration must be LOCKED'
-----
Hibernate: select user0_.id as id1_0_, user0_.is_enabled as is_enabl2_0_, user0_.name as name3_0_, user0_.password as password4_0_, user0_.role as role5_0_, user0_.username as username6_0_ from app_user user0_ where user0_.username=?
?[1;31m
Start test 44?[0m
Test case
Testing api: '/api/auth/access'
Expectations: 'A user johndoe3 must be UNLOCKED'
-----
Hibernate: select user0_.id as id1_0_, user0_.is_enabled as is_enabl2_0_, user0_.name as name3_0_, user0_.password as password4_0_, user0_.role as role5_0_, user0_.username as username6_0_ from app_user user0_ where user0_.username=?
UNLOCK
Hibernate: select user0_.id as id1_0_, user0_.is_enabled as is_enabl2_0_, user0_.name as name3_0_, user0_.password as password4_0_, user0_.role as role5_0_, user0_.username as username6_0_ from app_user user0_ where user0_.username=?
Hibernate: update app_user set is_enabled=?, name=?, password=?, role=?, username=? where id=?
?[1;31m
Start test 45?[0m
Test case
Testing api: '/api/antifraud/transaction'
Expectations: 'A user johndoe3 must be UNLOCKED'
-----
Hibernate: select user0_.id as id1_0_, user0_.is_enabled as is_enabl2_0_, user0_.name as name3_0_, user0_.password as password4_0_, user0_.role as role5_0_, user0_.username as username6_0_ from app_user user0_ where user0_.username=?
?[1;31m
Start test 46?[0m
Test case
Testing api: '/api/auth/access'
Expectations: 'A user johndoe3 must be LOCKED'
-----
Hibernate: select user0_.id as id1_0_, user0_.is_enabled as is_enabl2_0_, user0_.name as name3_0_, user0_.password as password4_0_, user0_.role as role5_0_, user0_.username as username6_0_ from app_user user0_ where user0_.username=?
LOCK
Hibernate: select user0_.id as id1_0_, user0_.is_enabled as is_enabl2_0_, user0_.name as name3_0_, user0_.password as password4_0_, user0_.role as role5_0_, user0_.username as username6_0_ from app_user user0_ where user0_.username=?
Hibernate: update app_user set is_enabled=?, name=?, password=?, role=?, username=? where id=?
?[1;31m
Start test 47?[0m
Test case
Testing api: '/api/antifraud/transaction'
Expectations: 'A user johndoe3 must be LOCKED'
-----
Hibernate: select user0_.id as id1_0_, user0_.is_enabled as is_enabl2_0_, user0_.name as name3_0_, user0_.password as password4_0_, user0_.role as role5_0_, user0_.username as username6_0_ from app_user user0_ where user0_.username=?
?[1;31m
Start test 48?[0m
Test case
Testing api: '/api/auth/access'
Expectations: 'A user johndoe3 must be UNLOCKED'
-----
Hibernate: select user0_.id as id1_0_, user0_.is_enabled as is_enabl2_0_, user0_.name as name3_0_, user0_.password as password4_0_, user0_.role as role5_0_, user0_.username as username6_0_ from app_user user0_ where user0_.username=?
UNLOCK
Hibernate: select user0_.id as id1_0_, user0_.is_enabled as is_enabl2_0_, user0_.name as name3_0_, user0_.password as password4_0_, user0_.role as role5_0_, user0_.username as username6_0_ from app_user user0_ where user0_.username=?
Hibernate: update app_user set is_enabled=?, name=?, password=?, role=?, username=? where id=?
?[1;31m
Start test 49?[0m
Test case
Testing api: '/api/antifraud/transaction'
Expectations: 'A user with role ADMINISTRATOR must not have access to /api/antifraud/transaction'
-----
Hibernate: select user0_.id as id1_0_, user0_.is_enabled as is_enabl2_0_, user0_.name as name3_0_, user0_.password as password4_0_, user0_.role as role5_0_, user0_.username as username6_0_ from app_user user0_ where user0_.username=?
?[1;31m
Start test 50?[0m
Test case
Testing api: '/api/antifraud/transaction/'
Expectations: 'A user with role ADMINISTRATOR must not have access to /api/antifraud/transaction/'
-----
Hibernate: select user0_.id as id1_0_, user0_.is_enabled as is_enabl2_0_, user0_.name as name3_0_, user0_.password as password4_0_, user0_.role as role5_0_, user0_.username as username6_0_ from app_user user0_ where user0_.username=?
?[1;31m
Start test 51?[0m
Test case
Testing api: '/api/antifraud/transaction'
Expectations: 'A user with role SUPPORT must not have access to /api/antifraud/transaction'
-----
Hibernate: select user0_.id as id1_0_, user0_.is_enabled as is_enabl2_0_, user0_.name as name3_0_, user0_.password as password4_0_, user0_.role as role5_0_, user0_.username as username6_0_ from app_user user0_ where user0_.username=?
?[1;31m
Start test 52?[0m
Test case
Testing api: '/api/antifraud/transaction/'
Expectations: 'A user with role SUPPORT must not have access to /api/antifraud/transaction/'
-----
Hibernate: select user0_.id as id1_0_, user0_.is_enabled as is_enabl2_0_, user0_.name as name3_0_, user0_.password as password4_0_, user0_.role as role5_0_, user0_.username as username6_0_ from app_user user0_ where user0_.username=?
?[1;31m
Start test 53?[0m
Test case
Testing api: '/api/antifraud/transaction'
Expectations: 'A user with role ANONYMOUS must not have access to /api/antifraud/transaction'
-----
?[1;31m
Start test 54?[0m
Test case
Testing api: '/api/auth/user'
Expectations: 'A user with role ANONYMOUS must not have access to DELETE /api/auth/user'
-----
?[1;31m
Start test 55?[0m
Test case
Testing api: '/api/auth/user'
Expectations: 'A user with role SUPPORT must not have access to DELETE /api/auth/user'
-----
Hibernate: select user0_.id as id1_0_, user0_.is_enabled as is_enabl2_0_, user0_.name as name3_0_, user0_.password as password4_0_, user0_.role as role5_0_, user0_.username as username6_0_ from app_user user0_ where user0_.username=?
?[1;31m
Start test 56?[0m
Test case
Testing api: '/api/auth/user'
Expectations: 'A user with role MERCHANT must not have access to DELETE /api/auth/user'
-----
Hibernate: select user0_.id as id1_0_, user0_.is_enabled as is_enabl2_0_, user0_.name as name3_0_, user0_.password as password4_0_, user0_.role as role5_0_, user0_.username as username6_0_ from app_user user0_ where user0_.username=?
?[1;31m
Start test 57?[0m
Test case
Testing api: '/api/auth/user'
Expectations: 'A user with role MERCHANT must not have access to DELETE /api/auth/user'
-----
Hibernate: select user0_.id as id1_0_, user0_.is_enabled as is_enabl2_0_, user0_.name as name3_0_, user0_.password as password4_0_, user0_.role as role5_0_, user0_.username as username6_0_ from app_user user0_ where user0_.username=?
?[1;31m
Start test 58?[0m
Test case
Testing api: '/api/auth/list'
Expectations: 'A user with role ANONYMOUS must not have access to /api/auth/list'
-----
?[1;31m
Start test 59?[0m
Test case
Testing api: '/api/auth/list'
Expectations: 'A user with role MERCHANT must not have access to /api/auth/list'
-----
Hibernate: select user0_.id as id1_0_, user0_.is_enabled as is_enabl2_0_, user0_.name as name3_0_, user0_.password as password4_0_, user0_.role as role5_0_, user0_.username as username6_0_ from app_user user0_ where user0_.username=?
?[1;31m
Start test 60?[0m
Test case
Testing api: '/api/auth/access'
Expectations: 'A user with role MERCHANT must not have access to /api/auth/access'
-----
Hibernate: select user0_.id as id1_0_, user0_.is_enabled as is_enabl2_0_, user0_.name as name3_0_, user0_.password as password4_0_, user0_.role as role5_0_, user0_.username as username6_0_ from app_user user0_ where user0_.username=?
?[1;31m
Start test 61?[0m
Test case
Testing api: '/api/auth/access'
Expectations: 'A user with role SUPPORT must not have access to /api/auth/access'
-----
Hibernate: select user0_.id as id1_0_, user0_.is_enabled as is_enabl2_0_, user0_.name as name3_0_, user0_.password as password4_0_, user0_.role as role5_0_, user0_.username as username6_0_ from app_user user0_ where user0_.username=?
?[1;31m
Start test 62?[0m
Test case
Testing api: '/api/auth/access/'
Expectations: 'A user with role MERCHANT must not have access to /api/auth/access/'
-----
Hibernate: select user0_.id as id1_0_, user0_.is_enabled as is_enabl2_0_, user0_.name as name3_0_, user0_.password as password4_0_, user0_.role as role5_0_, user0_.username as username6_0_ from app_user user0_ where user0_.username=?
?[1;31m
Start test 63?[0m
Test case
Testing api: '/api/auth/access/'
Expectations: 'A user with role SUPPORT must not have access to /api/auth/access/'
-----
Hibernate: select user0_.id as id1_0_, user0_.is_enabled as is_enabl2_0_, user0_.name as name3_0_, user0_.password as password4_0_, user0_.role as role5_0_, user0_.username as username6_0_ from app_user user0_ where user0_.username=?
?[1;31m
Start test 64?[0m
Test case
Testing api: '/api/auth/access'
Expectations: 'A user with role ANONYMOUS must not have access to /api/auth/access'
-----
?[1;31m
Start test 65?[0m
Test case
Testing api: '/api/auth/role'
Expectations: 'A user with role SUPPORT must not have access to /api/auth/role'
-----
Hibernate: select user0_.id as id1_0_, user0_.is_enabled as is_enabl2_0_, user0_.name as name3_0_, user0_.password as password4_0_, user0_.role as role5_0_, user0_.username as username6_0_ from app_user user0_ where user0_.username=?
?[1;31m
Start test 66?[0m
Test case
Testing api: '/api/auth/role'
Expectations: 'A user with role MERCHANT must not have access to /api/auth/role'
-----
Hibernate: select user0_.id as id1_0_, user0_.is_enabled as is_enabl2_0_, user0_.name as name3_0_, user0_.password as password4_0_, user0_.role as role5_0_, user0_.username as username6_0_ from app_user user0_ where user0_.username=?
?[1;31m
Start test 67?[0m
Test case
Testing api: '/api/auth/role'
Expectations: 'A user with role ANONYMOUS must not have access to /api/auth/role'
-----
?[1;31m
Start test 68?[0m
Test case
Testing api: '/api/auth/role/'
Expectations: 'A user with role SUPPORT must not have access to /api/auth/role/'
-----
Hibernate: select user0_.id as id1_0_, user0_.is_enabled as is_enabl2_0_, user0_.name as name3_0_, user0_.password as password4_0_, user0_.role as role5_0_, user0_.username as username6_0_ from app_user user0_ where user0_.username=?
?[1;31m
Start test 69?[0m
Test case
Testing api: '/api/auth/role/'
Expectations: 'A user with role MERCHANT must not have access to /api/auth/role/'
-----
Hibernate: select user0_.id as id1_0_, user0_.is_enabled as is_enabl2_0_, user0_.name as name3_0_, user0_.password as password4_0_, user0_.role as role5_0_, user0_.username as username6_0_ from app_user user0_ where user0_.username=?
]]></system-out>
  <system-err><![CDATA[]]></system-err>
</testsuite>
